[debug] [2022-03-31T23:46:12.696Z] ----------------------------------------------------------------------
[debug] [2022-03-31T23:46:12.699Z] Command:       C:\Program Files\nodejs\node.exe C:\Users\Alex\AppData\Roaming\npm\node_modules\firebase-tools\lib\bin\firebase.js init hosting
[debug] [2022-03-31T23:46:12.700Z] CLI Version:   10.5.0
[debug] [2022-03-31T23:46:12.700Z] Platform:      win32
[debug] [2022-03-31T23:46:12.700Z] Node Version:  v16.13.0
[debug] [2022-03-31T23:46:12.702Z] Time:          Thu Mar 31 2022 17:46:12 GMT-0600 (hora estándar central)
[debug] [2022-03-31T23:46:12.702Z] ----------------------------------------------------------------------
[debug] 
[debug] [2022-03-31T23:46:12.716Z] > command requires scopes: ["email","openid","https://www.googleapis.com/auth/cloudplatformprojects.readonly","https://www.googleapis.com/auth/firebase","https://www.googleapis.com/auth/cloud-platform"]
[debug] [2022-03-31T23:46:12.717Z] > authorizing via signed-in user (amoctezumasisu@gmail.com)
[info] 
     ######## #### ########  ######## ########     ###     ######  ########
     ##        ##  ##     ## ##       ##     ##  ##   ##  ##       ##
     ######    ##  ########  ######   ########  #########  ######  ######
     ##        ##  ##    ##  ##       ##     ## ##     ##       ## ##
     ##       #### ##     ## ######## ########  ##     ##  ######  ########

You're about to initialize a Firebase project in this directory:

  C:\Users\Alex\React\registro-sisu

[info] 
=== Project Setup
[info] 
[info] First, let's associate this project directory with a Firebase project.
[info] You can create multiple project aliases by running firebase use --add, 
[info] but for now we'll just set up a default project.
[info] 
[debug] [2022-03-31T23:46:16.577Z] >>> [apiv2][query] GET https://firebase.googleapis.com/v1beta1/projects pageSize=100
[debug] [2022-03-31T23:46:17.090Z] <<< [apiv2][status] GET https://firebase.googleapis.com/v1beta1/projects 200
[debug] [2022-03-31T23:46:17.090Z] <<< [apiv2][body] GET https://firebase.googleapis.com/v1beta1/projects [omitted]
[info] i  Using project sisu-prueba-correccion (sisu-prueba-correccion) 
[info] 
=== Hosting Setup
[info] 
[info] Your public directory is the folder (relative to your project directory) that
[info] will contain Hosting assets to be uploaded with firebase deploy. If you
[info] have a build process for your assets, use your build's output directory.
[info] 
